TN:
SF:01-requestcount.js
FN:7,countMiddleware
FNF:1
FNH:1
FNDA:12,countMiddleware
DA:1,1
DA:2,1
DA:3,1
DA:4,1
DA:5,1
DA:6,1
DA:7,12
DA:8,12
DA:9,12
DA:10,12
DA:11,12
DA:12,1
DA:13,1
DA:14,1
DA:15,1
DA:16,1
DA:17,1
DA:18,1
DA:19,1
DA:20,1
DA:21,1
DA:22,1
DA:23,0
DA:24,0
DA:25,0
DA:26,1
DA:27,1
DA:28,10
DA:29,10
DA:30,10
DA:31,1
DA:32,1
DA:33,1
DA:34,0
DA:35,1
DA:36,1
DA:37,1
DA:38,2
DA:39,1
DA:40,1
DA:41,1
DA:42,1
DA:43,1
LF:43
LH:39
BRDA:7,0,0,12
BRDA:27,1,0,10
BRDA:37,2,0,2
BRF:3
BRH:3
end_of_record
TN:
SF:02-ratelimitter.js
FN:21,rateLimitter
FNF:1
FNH:1
FNDA:13,rateLimitter
DA:1,1
DA:2,1
DA:3,1
DA:4,1
DA:5,1
DA:6,1
DA:7,1
DA:8,1
DA:9,1
DA:10,1
DA:11,1
DA:12,1
DA:13,1
DA:14,1
DA:15,1
DA:16,7
DA:17,0
DA:18,7
DA:19,1
DA:20,1
DA:21,13
DA:22,13
DA:23,13
DA:24,0
DA:25,0
DA:26,0
DA:27,0
DA:28,0
DA:29,0
DA:30,0
DA:31,0
DA:32,13
DA:33,13
DA:34,13
DA:35,13
DA:36,1
DA:37,1
DA:38,1
DA:39,1
DA:40,0
DA:41,0
DA:42,1
DA:43,1
DA:44,0
DA:45,0
DA:46,0
DA:47,0
DA:48,0
DA:49,0
DA:50,0
DA:51,1
DA:52,1
DA:53,1
DA:54,0
DA:55,0
DA:56,0
DA:57,0
DA:58,0
DA:59,0
DA:60,0
DA:61,0
DA:62,1
DA:63,1
DA:64,1
LF:64
LH:38
BRDA:15,0,0,7
BRDA:16,1,0,0
BRDA:21,2,0,13
BRDA:23,3,0,0
BRF:4
BRH:2
end_of_record
TN:
SF:03-errorcount.js
FN:16,userCheck
FNF:1
FNH:1
FNDA:11,userCheck
DA:1,1
DA:2,1
DA:3,1
DA:4,1
DA:5,1
DA:6,1
DA:7,1
DA:8,1
DA:9,1
DA:10,1
DA:11,1
DA:12,1
DA:13,1
DA:14,1
DA:15,1
DA:16,11
DA:17,11
DA:18,11
DA:19,0
DA:20,0
DA:21,11
DA:22,11
DA:23,11
DA:24,11
DA:25,11
DA:26,1
DA:27,1
DA:28,0
DA:29,1
DA:30,1
DA:31,1
DA:32,0
DA:33,0
DA:34,0
DA:35,0
DA:36,0
DA:37,0
DA:38,0
DA:39,0
DA:40,0
DA:41,0
DA:42,1
DA:43,1
DA:44,1
DA:45,2
DA:46,1
DA:47,1
DA:48,1
DA:49,1
LF:49
LH:36
BRDA:16,0,0,11
BRDA:18,1,0,0
BRDA:44,2,0,2
BRF:3
BRH:2
end_of_record
